<?xml version="1.0" encoding="UTF-8"?>
<!-- Generated by org.testng.reporters.JUnitReportReporter -->
<testsuite hostname="NGBLR-00763" name="AddBook" tests="2" failures="0" timestamp="29 Nov 2020 19:46:02 GMT" time="3.088" errors="0">
  <testcase name="addBook" time="2.948" classname="AddBook"/>
  <testcase name="addBook" time="0.140" classname="AddBook"/>
</testsuite> <!-- AddBook -->
